<?xml version="1.0" encoding="UTF-8"?>
<testng-results ignored="0" total="2" passed="2" failed="0" skipped="0">
  <reporter-output>
    <line>
      <![CDATA[createCustomer]]>
    </line>
    <line>
      <![CDATA[Updating the customer]]>
    </line>
  </reporter-output>
  <suite started-at="2024-10-23T10:37:04 IST" name="Default suite" finished-at="2024-10-23T10:37:04 IST" duration-ms="48">
    <groups>
    </groups>
    <test started-at="2024-10-23T10:37:04 IST" name="Default test" finished-at="2024-10-23T10:37:04 IST" duration-ms="48">
      <class name="com.actitime.testscript.CustomerModule">
        <test-method signature="createCustomer()[pri:0, instance:com.actitime.testscript.CustomerModule@291ae]" started-at="2024-10-23T10:37:04 IST" name="createCustomer" finished-at="2024-10-23T10:37:04 IST" duration-ms="15" status="PASS">
          <reporter-output>
            <line>
              <![CDATA[createCustomer]]>
            </line>
          </reporter-output>
        </test-method> <!-- createCustomer -->
        <test-method signature="updateCustomer()[pri:0, instance:com.actitime.testscript.CustomerModule@291ae]" started-at="2024-10-23T10:37:04 IST" name="updateCustomer" finished-at="2024-10-23T10:37:04 IST" duration-ms="1" status="PASS">
          <reporter-output>
            <line>
              <![CDATA[Updating the customer]]>
            </line>
          </reporter-output>
        </test-method> <!-- updateCustomer -->
      </class> <!-- com.actitime.testscript.CustomerModule -->
    </test> <!-- Default test -->
  </suite> <!-- Default suite -->
</testng-results>
